TN:
SF:script/DeployFundMe.sol
FN:9,DeployFundMe.run
FNDA:0,DeployFundMe.run
DA:11,0
DA:12,0
DA:14,0
DA:15,0
DA:16,0
DA:18,0
FNF:1
FNH:0
LF:6
LH:0
BRF:0
BRH:0
end_of_record
TN:
SF:script/HelperConfig.s.sol
FN:36,HelperConfig.getGoerliConfig
FNDA:0,HelperConfig.getGoerliConfig
DA:37,0
DA:40,0
FN:43,HelperConfig.getSepoliaConfig
FNDA:0,HelperConfig.getSepoliaConfig
DA:44,0
DA:47,0
FN:50,HelperConfig.getMainnetConfig
FNDA:0,HelperConfig.getMainnetConfig
DA:51,0
DA:54,0
FN:57,HelperConfig.getOrCreateAnvilEthConfig
FNDA:0,HelperConfig.getOrCreateAnvilEthConfig
DA:58,0
BRDA:58,0,0,-
BRDA:58,0,1,-
DA:59,0
DA:65,0
DA:66,0
DA:70,0
DA:72,0
DA:75,0
FNF:4
FNH:0
LF:13
LH:0
BRF:2
BRH:0
end_of_record
TN:
SF:src/FundMe.sol
FN:44,FundMe.fund
FNDA:12,FundMe.fund
DA:45,12
BRDA:45,0,0,1
BRDA:45,0,1,11
DA:53,11
DA:54,11
FN:57,FundMe.withdraw
FNDA:3,FundMe.withdraw
DA:59,2
DA:60,5
DA:61,3
DA:63,3
DA:64,3
DA:66,2
DA:69,2
FN:79,FundMe.getAddressToAmountFunded
FNDA:8,FundMe.getAddressToAmountFunded
DA:82,8
FN:88,FundMe.getVersion
FNDA:1,FundMe.getVersion
DA:89,1
FN:95,FundMe.getFunder
FNDA:12,FundMe.getFunder
DA:96,12
FN:102,FundMe.getOwner
FNDA:7,FundMe.getOwner
DA:103,7
FNF:6
FNH:6
LF:14
LH:14
BRF:2
BRH:2
end_of_record
TN:
SF:src/PriceConverter.sol
FN:7,PriceConverter.getConversionRate
FNDA:0,PriceConverter.getConversionRate
DA:11,0
DA:12,0
DA:13,0
FN:16,PriceConverter.getPrice
FNDA:0,PriceConverter.getPrice
DA:17,0
DA:18,0
FNF:2
FNH:0
LF:5
LH:0
BRF:0
BRH:0
end_of_record
TN:
SF:test/mocks/MockV3Aggregator.sol
FN:29,MockV3Aggregator.updateAnswer
FNDA:0,MockV3Aggregator.updateAnswer
DA:30,0
DA:31,0
DA:32,0
DA:33,0
DA:34,0
DA:35,0
FN:38,MockV3Aggregator.updateRoundData
FNDA:0,MockV3Aggregator.updateRoundData
DA:44,0
DA:45,0
DA:46,0
DA:47,0
DA:48,0
DA:49,0
FN:52,MockV3Aggregator.getRoundData
FNDA:0,MockV3Aggregator.getRoundData
DA:65,0
FN:74,MockV3Aggregator.latestRoundData
FNDA:12,MockV3Aggregator.latestRoundData
DA:85,12
FN:94,MockV3Aggregator.description
FNDA:0,MockV3Aggregator.description
DA:95,0
FNF:5
FNH:1
LF:15
LH:1
BRF:0
BRH:0
end_of_record
