TN:
SF:script/DeployRaffle.s.sol
FN:12,DeployRaffle.run
FNDA:0,DeployRaffle.run
DA:13,0
DA:15,0
DA:23,0
DA:26,0
BRDA:26,0,0,-
BRDA:26,0,1,-
DA:28,0
DA:29,0
DA:32,0
DA:33,0
DA:36,0
DA:37,0
DA:38,0
DA:41,0
DA:42,0
DA:44,0
FNF:1
FNH:0
LF:14
LH:0
BRF:2
BRH:0
end_of_record
TN:
SF:script/HelperConfig.s.sol
FN:33,HelperConfig.getMainnetConfig
FNDA:0,HelperConfig.getMainnetConfig
DA:34,0
DA:43,0
FN:46,HelperConfig.getGoerliConfig
FNDA:0,HelperConfig.getGoerliConfig
DA:47,0
DA:56,0
FN:59,HelperConfig.getSepoliaConfig
FNDA:0,HelperConfig.getSepoliaConfig
DA:60,0
DA:69,0
FN:72,HelperConfig.getOrCreateAnvilConfig
FNDA:0,HelperConfig.getOrCreateAnvilConfig
DA:73,0
BRDA:73,0,0,-
BRDA:73,0,1,-
DA:74,0
DA:77,0
DA:78,0
DA:80,0
DA:81,0
DA:82,0
DA:84,0
DA:86,0
DA:95,0
FNF:4
FNH:0
LF:16
LH:0
BRF:2
BRH:0
end_of_record
TN:
SF:script/Interactions.s.sol
FN:11,CreateSubscription.createSubscriptionUsingConfig
FNDA:0,CreateSubscription.createSubscriptionUsingConfig
DA:12,0
DA:13,0
DA:14,0
FN:17,CreateSubscription.createSubscription
FNDA:0,CreateSubscription.createSubscription
DA:18,0
DA:19,0
DA:20,0
DA:21,0
DA:23,0
DA:24,0
DA:26,0
FN:29,CreateSubscription.run
FNDA:0,CreateSubscription.run
DA:30,0
FN:37,FundSubscription.fundSubscriptionUsingConfig
FNDA:0,FundSubscription.fundSubscriptionUsingConfig
DA:38,0
DA:39,0
DA:41,0
FN:44,FundSubscription.fundSubscription
FNDA:0,FundSubscription.fundSubscription
DA:45,0
DA:46,0
DA:47,0
DA:48,0
DA:50,0
BRDA:50,0,0,-
BRDA:50,0,1,-
DA:51,0
DA:52,0
DA:53,0
DA:55,0
DA:56,0
DA:57,0
FN:61,FundSubscription.run
FNDA:0,FundSubscription.run
DA:62,0
FN:67,AddConsumer.addConsumer
FNDA:0,AddConsumer.addConsumer
DA:68,0
DA:69,0
DA:70,0
DA:72,0
DA:73,0
DA:74,0
FN:77,AddConsumer.addConsumerUsingConfig
FNDA:0,AddConsumer.addConsumerUsingConfig
DA:78,0
DA:79,0
DA:80,0
FN:83,AddConsumer.run
FNDA:0,AddConsumer.run
DA:84,0
DA:85,0
FNF:9
FNH:0
LF:37
LH:0
BRF:2
BRH:0
end_of_record
TN:
SF:src/Raffle.sol
FN:92,Raffle.enterRaffle
FNDA:274,Raffle.enterRaffle
DA:93,274
BRDA:93,0,0,1
BRDA:93,0,1,273
DA:94,1
DA:97,273
BRDA:97,1,0,1
BRDA:97,1,1,272
DA:98,1
DA:101,272
DA:103,272
FN:115,Raffle.checkUpkeep
FNDA:4,Raffle.checkUpkeep
DA:124,13
DA:125,13
DA:126,13
DA:127,13
DA:129,13
DA:131,13
FN:142,Raffle.performUpkeep
FNDA:9,Raffle.performUpkeep
DA:143,9
DA:145,9
BRDA:145,2,0,3
BRDA:145,2,1,6
DA:146,3
DA:153,6
DA:155,6
DA:163,6
FN:167,Raffle.fulfillRandomWords
FNDA:1,Raffle.fulfillRandomWords
DA:172,1
DA:173,1
DA:176,1
DA:177,1
DA:178,1
DA:179,1
DA:180,1
DA:183,1
DA:187,1
BRDA:187,3,0,-
BRDA:187,3,1,1
DA:188,0
FN:194,Raffle.getEntranceFee
FNDA:1,Raffle.getEntranceFee
DA:195,1
FN:198,Raffle.getDuration
FNDA:1,Raffle.getDuration
DA:199,1
FN:202,Raffle.getSubscriptionId
FNDA:1,Raffle.getSubscriptionId
DA:203,1
FN:206,Raffle.getCallbackGasLimit
FNDA:1,Raffle.getCallbackGasLimit
DA:207,1
FN:210,Raffle.getVRFCoordinator
FNDA:1,Raffle.getVRFCoordinator
DA:211,1
FN:214,Raffle.getGasLane
FNDA:1,Raffle.getGasLane
DA:215,1
FN:218,Raffle.getNumberOfPlayers
FNDA:5,Raffle.getNumberOfPlayers
DA:219,5
FN:222,Raffle.getPlayerAtIndex
FNDA:2,Raffle.getPlayerAtIndex
DA:223,2
FN:226,Raffle.getRecentWinner
FNDA:1,Raffle.getRecentWinner
DA:227,1
FN:230,Raffle.getLastTimeStamp
FNDA:2,Raffle.getLastTimeStamp
DA:231,2
FN:234,Raffle.getRaffleState
FNDA:3,Raffle.getRaffleState
DA:235,3
FNF:15
FNH:15
LF:39
LH:38
BRF:8
BRH:7
end_of_record
TN:
SF:test/mocks/LinkToken.sol
FN:37,LinkToken.transferAndCall
FNDA:0,LinkToken.transferAndCall
DA:42,0
DA:44,0
DA:45,0
BRDA:45,0,0,-
BRDA:45,0,1,-
DA:46,0
DA:48,0
FN:53,LinkToken.contractFallback
FNDA:0,LinkToken.contractFallback
DA:58,0
DA:59,0
FN:62,LinkToken.isContract
FNDA:0,LinkToken.isContract
DA:63,0
DA:65,0
DA:67,0
FNF:3
FNH:0
LF:10
LH:0
BRF:2
BRH:0
end_of_record
