TN:
SF:script/DeployRaffle.s.sol
FN:12,DeployRaffle.run
FNDA:0,DeployRaffle.run
DA:13,0
DA:15,0
DA:23,0
DA:26,0
BRDA:26,0,0,-
BRDA:26,0,1,-
DA:28,0
DA:29,0
DA:32,0
DA:33,0
DA:36,0
DA:37,0
DA:38,0
DA:41,0
DA:42,0
DA:44,0
FNF:1
FNH:0
LF:14
LH:0
BRF:2
BRH:0
end_of_record
TN:
SF:script/HelperConfig.s.sol
FN:33,HelperConfig.getMainnetConfig
FNDA:0,HelperConfig.getMainnetConfig
DA:34,0
DA:43,0
FN:46,HelperConfig.getGoerliConfig
FNDA:0,HelperConfig.getGoerliConfig
DA:47,0
DA:56,0
FN:59,HelperConfig.getSepoliaConfig
FNDA:0,HelperConfig.getSepoliaConfig
DA:60,0
DA:69,0
FN:72,HelperConfig.getOrCreateAnvilConfig
FNDA:0,HelperConfig.getOrCreateAnvilConfig
DA:73,0
BRDA:73,0,0,-
BRDA:73,0,1,-
DA:74,0
DA:77,0
DA:78,0
DA:80,0
DA:81,0
DA:82,0
DA:84,0
DA:86,0
DA:95,0
FNF:4
FNH:0
LF:16
LH:0
BRF:2
BRH:0
end_of_record
TN:
SF:script/Interactions.s.sol
FN:37,FundSubscription.fundSubscriptionUsingConfig
FNDA:0,FundSubscription.fundSubscriptionUsingConfig
DA:38,0
DA:39,0
DA:41,0
FN:44,FundSubscription.fundSubscription
FNDA:0,FundSubscription.fundSubscription
DA:45,0
DA:46,0
DA:47,0
DA:48,0
DA:50,0
BRDA:50,0,0,-
BRDA:50,0,1,-
DA:51,0
DA:52,0
DA:53,0
DA:55,0
DA:56,0
DA:57,0
FN:61,FundSubscription.run
FNDA:0,FundSubscription.run
DA:62,0
FN:11,CreateSubscription.createSubscriptionUsingConfig
FNDA:0,CreateSubscription.createSubscriptionUsingConfig
DA:12,0
DA:13,0
DA:14,0
FN:17,CreateSubscription.createSubscription
FNDA:0,CreateSubscription.createSubscription
DA:18,0
DA:19,0
DA:20,0
DA:21,0
DA:23,0
DA:24,0
DA:26,0
FN:29,CreateSubscription.run
FNDA:0,CreateSubscription.run
DA:30,0
FN:67,AddConsumer.addConsumer
FNDA:0,AddConsumer.addConsumer
DA:68,0
DA:69,0
DA:70,0
DA:72,0
DA:73,0
DA:74,0
FN:77,AddConsumer.addConsumerUsingConfig
FNDA:0,AddConsumer.addConsumerUsingConfig
DA:78,0
DA:79,0
DA:80,0
FN:83,AddConsumer.run
FNDA:0,AddConsumer.run
DA:84,0
DA:85,0
FNF:9
FNH:0
LF:37
LH:0
BRF:2
BRH:0
end_of_record
TN:
SF:src/Raffle.sol
FN:94,Raffle.enterRaffle
FNDA:7,Raffle.enterRaffle
DA:95,7
BRDA:95,0,0,1
BRDA:95,0,1,6
DA:96,1
DA:99,6
BRDA:99,1,0,1
BRDA:99,1,1,5
DA:100,1
DA:103,5
DA:105,5
FN:117,Raffle.checkUpkeep
FNDA:3,Raffle.checkUpkeep
DA:126,5
DA:127,5
DA:128,5
DA:129,5
DA:131,5
DA:133,5
DA:134,5
DA:135,5
DA:136,5
DA:138,5
FN:149,Raffle.performUpkeep
FNDA:2,Raffle.performUpkeep
DA:150,2
DA:152,2
BRDA:152,2,0,-
BRDA:152,2,1,2
DA:153,0
DA:160,2
DA:162,2
DA:170,2
FN:174,Raffle.fulfillRandomWords
FNDA:0,Raffle.fulfillRandomWords
DA:179,0
DA:180,0
DA:183,0
DA:184,0
DA:185,0
DA:186,0
DA:187,0
DA:190,0
DA:194,0
BRDA:194,3,0,-
BRDA:194,3,1,-
DA:195,0
FN:201,Raffle.getEntranceFee
FNDA:1,Raffle.getEntranceFee
DA:202,1
FN:205,Raffle.getDuration
FNDA:1,Raffle.getDuration
DA:206,1
FN:209,Raffle.getSubscriptionId
FNDA:0,Raffle.getSubscriptionId
DA:210,0
FN:213,Raffle.getCallbackGasLimit
FNDA:1,Raffle.getCallbackGasLimit
DA:214,1
FN:217,Raffle.getVRFCoordinator
FNDA:1,Raffle.getVRFCoordinator
DA:218,1
FN:221,Raffle.getGasLane
FNDA:1,Raffle.getGasLane
DA:222,1
FN:225,Raffle.getNumberOfPlayers
FNDA:2,Raffle.getNumberOfPlayers
DA:226,2
FN:229,Raffle.getPlayerAtIndex
FNDA:2,Raffle.getPlayerAtIndex
DA:230,2
FN:233,Raffle.getRecentWinner
FNDA:0,Raffle.getRecentWinner
DA:234,0
FN:237,Raffle.getLastTimeStamp
FNDA:0,Raffle.getLastTimeStamp
DA:238,0
FN:241,Raffle.getRaffleState
FNDA:1,Raffle.getRaffleState
DA:242,1
FNF:15
FNH:11
LF:43
LH:29
BRF:8
BRH:5
end_of_record
TN:
SF:test/mocks/LinkToken.sol
FN:37,LinkToken.transferAndCall
FNDA:0,LinkToken.transferAndCall
DA:42,0
DA:44,0
DA:45,0
BRDA:45,0,0,-
BRDA:45,0,1,-
DA:46,0
DA:48,0
FN:53,LinkToken.contractFallback
FNDA:0,LinkToken.contractFallback
DA:58,0
DA:59,0
FN:62,LinkToken.isContract
FNDA:0,LinkToken.isContract
DA:63,0
DA:65,0
DA:67,0
FNF:3
FNH:0
LF:10
LH:0
BRF:2
BRH:0
end_of_record
